<?xml version="1.0" encoding="UTF-8"?>
<!-- Generated by org.testng.reporters.JUnitReportReporter -->
<testsuite hostname="KIRAJAMA-5E0HT" name="com.cisco.cep.Test.Excel" tests="9" failures="0" timestamp="22 Aug 2017 13:50:33 GMT" time="0.046" errors="0">
  <testcase name="test" time="0.000" classname="com.cisco.cep.Test.Excel"/>
  <testcase name="test" time="0.000" classname="com.cisco.cep.Test.Excel"/>
  <testcase name="test" time="0.000" classname="com.cisco.cep.Test.Excel"/>
  <testcase name="test" time="0.016" classname="com.cisco.cep.Test.Excel"/>
  <testcase name="test" time="0.000" classname="com.cisco.cep.Test.Excel"/>
  <testcase name="test" time="0.000" classname="com.cisco.cep.Test.Excel"/>
  <testcase name="test" time="0.015" classname="com.cisco.cep.Test.Excel"/>
  <testcase name="test" time="0.015" classname="com.cisco.cep.Test.Excel"/>
  <testcase name="test" time="0.000" classname="com.cisco.cep.Test.Excel"/>
</testsuite> <!-- com.cisco.cep.Test.Excel -->
