<?xml version="1.0" encoding="UTF-8"?>
<!-- Generated by org.testng.reporters.JUnitReportReporter -->
<testsuite hostname="KIRAJAMA-5E0HT" name="com.cisco.cep.Test.Test1" tests="3" failures="0" timestamp="6 Sep 2017 05:16:32 GMT" time="0.021" errors="0">
  <testcase name="method1" time="0.018" classname="com.cisco.cep.Test.Test1"/>
  <testcase name="method1" time="0.003" classname="com.cisco.cep.Test.Test1"/>
  <testcase name="method1" time="0.000" classname="com.cisco.cep.Test.Test1"/>
</testsuite> <!-- com.cisco.cep.Test.Test1 -->
