<?xml version="1.0" encoding="UTF-8"?>
<!-- Generated by org.testng.reporters.JUnitReportReporter -->
<testsuite hostname="KIRAJAMA-5E0HT" name="com.cisco.cep.Test.Test2" tests="1" failures="0" timestamp="12 Sep 2017 08:32:28 GMT" time="33.488" errors="0">
  <testcase name="method3" time="33.488" classname="com.cisco.cep.Test.Test2"/>
</testsuite> <!-- com.cisco.cep.Test.Test2 -->
