<?xml version="1.0" encoding="UTF-8"?>
<!-- Generated by org.testng.reporters.JUnitReportReporter -->
<testsuite hostname="KIRAJAMA-5E0HT" name="TestCases" tests="9" failures="0" timestamp="8 Sep 2017 12:05:36 GMT" time="2707.750" errors="0">
  <testcase name="cretaeEvent" time="299.287" classname="TestCases"/>
  <testcase name="cretaeEvent" time="285.123" classname="TestCases"/>
  <testcase name="cretaeEvent" time="306.692" classname="TestCases"/>
  <testcase name="cretaeEvent" time="234.523" classname="TestCases"/>
  <testcase name="cretaeEvent" time="236.505" classname="TestCases"/>
  <testcase name="cretaeEvent" time="372.444" classname="TestCases"/>
  <testcase name="cretaeEvent" time="309.758" classname="TestCases"/>
  <testcase name="cretaeEvent" time="312.046" classname="TestCases"/>
  <testcase name="cretaeEvent" time="351.372" classname="TestCases"/>
</testsuite> <!-- TestCases -->
