<?xml version="1.0" encoding="UTF-8"?>
<!-- Generated by org.testng.reporters.JUnitReportReporter -->
<testsuite hostname="KIRAJAMA-5E0HT" name="com.cisco.cep.Test.TestCases" tests="1" failures="0" timestamp="10 Oct 2017 10:46:41 GMT" time="0.013" errors="0">
  <testcase name="test" time="0.013" classname="com.cisco.cep.Test.TestCases"/>
</testsuite> <!-- com.cisco.cep.Test.TestCases -->
